Starting NEI Filter scripting. This might take a moment to load all the modules...
Setting up Java Library...
Setting up FML Library...
Setting up NEI Library...
Setting up CreativeTab library...
Found creative tab: Aquaculture
Found creative tab: Automagy
Found creative tab: tools
Found creative tab: BiblioCraft
Found creative tab: BiblioCraftLights
Found creative tab: Botania
Found creative tab: CarpentersBlocks
Found creative tab: combat
Found creative tab: decorations
Found creative tab: applemilkcontainer
Found creative tab: applemilk
Found creative tab: applemilkfood
Found creative tab: applemilkmaterial
Found creative tab: applemilkmagic
Found creative tab: EnderIO
Found creative tab: EnderZoo
Found creative tab: extraUtil
Found creative tab: extraUtil_FMP
Found creative tab: forbidden
Found creative tab: mobcrystal
Found creative tab: gardenCore
Found creative tab: gardenTrees
Found creative tab: tabGraveStone
Found creative tab: Hardcore Questing Mode
Found creative tab: misc
Found creative tab: jabba
Found creative tab: redstone
Found creative tab: natura.plants
Found creative tab: transportation
Found creative tab: natura.nether
Found creative tab: natura.trees
Found creative tab: food
Found creative tab: core
Found creative tab: int
Found creative tab: trans
Found creative tab: railcraft
Found creative tab: Random Things
Found creative tab: RefinedRelocation
Found creative tab: steamcraft
Found creative tab: steamcraftTools
Found creative tab: SC2Blocks
Found creative tab: SC2Modules
Found creative tab: SC2Items
Found creative tab: storageDrawers
Found creative tab: thaumcraft
Found creative tab: thaumicExploration
Found creative tab: buildingBlocks
Found creative tab: ThaumicTinkerer
Found creative tab: brewing
Found creative tab: materials
Found creative tab: travellersgear
Found creative tab: tubes
Found creative tab: adventurebackpack
Found creative tab: alchemyplusplus
Found creative tab: alchemyplusplusflora
Found creative tab: aobd
Found creative tab: atum
Found creative tab: betterstorage
Found creative tab: tabFurniture
Found creative tab: tabChiselBlocks
Found creative tab: tabChisel
Found creative tab: ClockworkPhase
Found creative tab: dendrology
Found creative tab: dssTab
Found creative tab: tabHarvestCraft2
Found creative tab: tabHarvestCraft3
Found creative tab: tabHarvestCraft
Found creative tab: headcrumbs
Found creative tab: InvisiBlocksBlocks
Found creative tab: tabLootPP
Found creative tab: magicalcrops
Found creative tab: malisisdoors
Found creative tab: menagerie
Found creative tab: tabPrimitiveMobs
Found creative tab: PATab
Found creative tab: tabSimplyJetpacks
Found creative tab: thaumicinfusion
Found creative tab: tabWitchery
Setting up ForgeMicroblock Library...
Setting up ExtraUtilities Library...
Loading table of contents for module: custom_nei_filters, 1.0, Author: denoflionsx
Bootstrap setting found. Loading: Bootstrap.js
Loading: vanilla.js
override called. Params: minecraft, portal
hide called. Params: minecraft, portal
Found ItemStack minecraft:portal. 64xtile.portal@0
override called. Params: minecraft, end_portal
hide called. Params: minecraft, end_portal
Found ItemStack minecraft:end_portal. 64xtile.null@0
override called. Params: minecraft, fire
hide called. Params: minecraft, fire
Found ItemStack minecraft:fire. 64xtile.fire@0
override called. Params: minecraft, water
hide called. Params: minecraft, water
Found ItemStack minecraft:water. 64xtile.water@0
override called. Params: minecraft, lava
hide called. Params: minecraft, lava
Found ItemStack minecraft:lava. 64xtile.lava@0
override called. Params: minecraft, mob_spawner
hide called. Params: minecraft, mob_spawner
Found ItemStack minecraft:mob_spawner. 64xtile.mobSpawner@0
override called. Params: potion, 0
override called. Params: minecraft, potion
Found ItemStack minecraft:potion. 1xitem.potion@0
override called. Params: spawn_egg, 0
override called. Params: minecraft, spawn_egg
Found ItemStack minecraft:spawn_egg. 64xitem.monsterPlacer@0
Loading: ThermalExpansion.js
Loading: Mekanism.js
Loading: ForgeMicroblock.js
getRandomMaterial called. Returned: tile.Darkleaves
obliterate_microblocks called (version in info.inpureprojects.core.NEI.gtfoMicroblocks.ScriptObjects.ForgeMicroblockObject). Params: 1,2,4,257,258,260,513,514,516,769,770,772, tile.Darkleaves
Loading: ExtraUtilities.js
override called. Params: drum, 0,1
override called. Params: ExtraUtilities, drum
Found ItemStack ExtraUtilities:drum. 64xtile.extrautils:drum@0
getRandomMaterial called. Returned: tile.Darkleaves_4
obliterate_microblocks called (version in info.inpureprojects.core.NEI.gtfoMicroblocks.ScriptObjects.ExtraUtilitiesObject). Params: 1,2,3, tile.Darkleaves_4
Loading: BuildCraft.js
Loading: Bibliocraft.js
override called. Params: *, 0
override called. Params: BiblioCraft, *
Wildcard found in parameters. Running through RegxEngine...
Regx match found! BiblioCraft:* matches BiblioCraft:Armor.
Cannot find ItemStack BiblioCraft:Armor
Regx match found! BiblioCraft:* matches BiblioCraft:BiblioBell.
Found ItemStack BiblioCraft:BiblioBell. 64xtile.BiblioBell@0
Regx match found! BiblioCraft:* matches BiblioCraft:BiblioBorderlessPainting.
Found ItemStack BiblioCraft:BiblioBorderlessPainting. 64xtile.BiblioBorderlessPainting@0
Regx match found! BiblioCraft:* matches BiblioCraft:BiblioCase.
Found ItemStack BiblioCraft:BiblioCase. 64xtile.BiblioCase@0
Regx match found! BiblioCraft:* matches BiblioCraft:BiblioClock.
Found ItemStack BiblioCraft:BiblioClock. 64xtile.BiblioClock@0
Regx match found! BiblioCraft:* matches BiblioCraft:BiblioDesk.
Found ItemStack BiblioCraft:BiblioDesk. 64xtile.BiblioDesk@0
Regx match found! BiblioCraft:* matches BiblioCraft:BiblioFancyPainting.
Found ItemStack BiblioCraft:BiblioFancyPainting. 64xtile.BiblioFancyPainting@0
Regx match found! BiblioCraft:* matches BiblioCraft:BiblioFancySign.
Found ItemStack BiblioCraft:BiblioFancySign. 64xtile.BiblioFancySign@0
Regx match found! BiblioCraft:* matches BiblioCraft:BiblioFlatPainting.
Found ItemStack BiblioCraft:BiblioFlatPainting. 64xtile.BiblioFlatPainting@0
Regx match found! BiblioCraft:* matches BiblioCraft:BiblioIronLamp.
Found ItemStack BiblioCraft:BiblioIronLamp. 64xtile.BiblioIronLamp@0
Regx match found! BiblioCraft:* matches BiblioCraft:BiblioIronLantern.
Found ItemStack BiblioCraft:BiblioIronLantern. 64xtile.BiblioIronLantern@0
Regx match found! BiblioCraft:* matches BiblioCraft:BiblioLabel.
Found ItemStack BiblioCraft:BiblioLabel. 64xtile.BiblioLabel@0
Regx match found! BiblioCraft:* matches BiblioCraft:BiblioLamp.
Found ItemStack BiblioCraft:BiblioLamp. 64xtile.BiblioLamp@0
Regx match found! BiblioCraft:* matches BiblioCraft:BiblioLantern.
Found ItemStack BiblioCraft:BiblioLantern. 64xtile.BiblioLantern@0
Regx match found! BiblioCraft:* matches BiblioCraft:BiblioMapFrames.
Found ItemStack BiblioCraft:BiblioMapFrames. 64xtile.BiblioMapFrames@0
Regx match found! BiblioCraft:* matches BiblioCraft:BiblioMiddlePainting.
Found ItemStack BiblioCraft:BiblioMiddlePainting. 64xtile.BiblioMiddlePainting@0
Regx match found! BiblioCraft:* matches BiblioCraft:BiblioPaintPress.
Found ItemStack BiblioCraft:BiblioPaintPress. 64xtile.BiblioPaintPress@0
Regx match found! BiblioCraft:* matches BiblioCraft:BiblioPotionShelf.
Found ItemStack BiblioCraft:BiblioPotionShelf. 64xtile.BiblioPotionShelf@0
Regx match found! BiblioCraft:* matches BiblioCraft:BiblioRack.
Found ItemStack BiblioCraft:BiblioRack. 64xtile.BiblioRack@0
Regx match found! BiblioCraft:* matches BiblioCraft:BiblioSeats.
Found ItemStack BiblioCraft:BiblioSeats. 64xtile.BiblioSeats@0
Regx match found! BiblioCraft:* matches BiblioCraft:BiblioShelf.
Found ItemStack BiblioCraft:BiblioShelf. 64xtile.BiblioShelf@0
Regx match found! BiblioCraft:* matches BiblioCraft:BiblioSimplePainting.
Found ItemStack BiblioCraft:BiblioSimplePainting. 64xtile.BiblioSimplePainting@0
Regx match found! BiblioCraft:* matches BiblioCraft:BiblioStuffs.
Found ItemStack BiblioCraft:BiblioStuffs. 64xtile.BiblioStuffs@0
Regx match found! BiblioCraft:* matches BiblioCraft:BiblioSwordPedestal.
Found ItemStack BiblioCraft:BiblioSwordPedestal. 64xtile.BiblioSwordPedestal@0
Regx match found! BiblioCraft:* matches BiblioCraft:BiblioTable.
Found ItemStack BiblioCraft:BiblioTable. 64xtile.BiblioTable@0
Regx match found! BiblioCraft:* matches BiblioCraft:BiblioTypewriter.
Found ItemStack BiblioCraft:BiblioTypewriter. 64xtile.BiblioTypewriter@0
Regx match found! BiblioCraft:* matches BiblioCraft:BiblioWorkbench.
Found ItemStack BiblioCraft:BiblioWorkbench. 64xtile.BiblioWorkbench@0
Regx match found! BiblioCraft:* matches BiblioCraft:Bibliotheca.
Found ItemStack BiblioCraft:Bibliotheca. 64xtile.BiblioBookcase@0
Regx match found! BiblioCraft:* matches BiblioCraft:BookcaseFilled.
Found ItemStack BiblioCraft:BookcaseFilled. 64xtile.BookcaseFilled@0
Regx match found! BiblioCraft:* matches BiblioCraft:Printing.
Cannot find ItemStack BiblioCraft:Printing
Regx match found! BiblioCraft:* matches BiblioCraft:Typesetting.
Cannot find ItemStack BiblioCraft:Typesetting
Regx match found! BiblioCraft:* matches BiblioCraft:item.AtlasBook.
Found ItemStack BiblioCraft:item.AtlasBook. 1xitem.AtlasBook@0
Regx match found! BiblioCraft:* matches BiblioCraft:item.AtlasPlate.
Found ItemStack BiblioCraft:item.AtlasPlate. 1xitem.AtlasPlate@0
Regx match found! BiblioCraft:* matches BiblioCraft:item.BiblioChase.
Found ItemStack BiblioCraft:item.BiblioChase. 64xitem.BiblioChase@0
Regx match found! BiblioCraft:* matches BiblioCraft:item.BiblioClipboard.
Found ItemStack BiblioCraft:item.BiblioClipboard. 1xitem.BiblioClipboard@0
Regx match found! BiblioCraft:* matches BiblioCraft:item.BiblioCreativeLock.
Found ItemStack BiblioCraft:item.BiblioCreativeLock. 1xitem.BiblioCreativeLock@0
Regx match found! BiblioCraft:* matches BiblioCraft:item.BiblioDrill.
Found ItemStack BiblioCraft:item.BiblioDrill. 1xitem.BiblioDrill@0
Regx match found! BiblioCraft:* matches BiblioCraft:item.BiblioGlasses.
Found ItemStack BiblioCraft:item.BiblioGlasses. 1xitem.BiblioGlasses@0
Regx match found! BiblioCraft:* matches BiblioCraft:item.BiblioMapTool.
Found ItemStack BiblioCraft:item.BiblioMapTool. 1xitem.BiblioMapTool@0
Regx match found! BiblioCraft:* matches BiblioCraft:item.BiblioRedBook.
Found ItemStack BiblioCraft:item.BiblioRedBook. 64xitem.BiblioRedBook@0
Regx match found! BiblioCraft:* matches BiblioCraft:item.BiblioWayPointCompass.
Found ItemStack BiblioCraft:item.BiblioWayPointCompass. 1xitem.BiblioWayPointCompass@0
Regx match found! BiblioCraft:* matches BiblioCraft:item.BigBook.
Found ItemStack BiblioCraft:item.BigBook. 1xitem.BigBook@0
Regx match found! BiblioCraft:* matches BiblioCraft:item.DeathCompass.
Found ItemStack BiblioCraft:item.DeathCompass. 64xitem.DeathCompass@0
Regx match found! BiblioCraft:* matches BiblioCraft:item.EnchantedPlate.
Found ItemStack BiblioCraft:item.EnchantedPlate. 1xitem.EnchantedPlate@0
Regx match found! BiblioCraft:* matches BiblioCraft:item.HandDrill.
Found ItemStack BiblioCraft:item.HandDrill. 1xitem.HandDrill@0
Regx match found! BiblioCraft:* matches BiblioCraft:item.PaintingCanvas.
Found ItemStack BiblioCraft:item.PaintingCanvas. 64xitem.PaintingCanvas@0
Regx match found! BiblioCraft:* matches BiblioCraft:item.PrintPlate.
Found ItemStack BiblioCraft:item.PrintPlate. 1xitem.PrintPlate@0
Regx match found! BiblioCraft:* matches BiblioCraft:item.RecipeBook.
Found ItemStack BiblioCraft:item.RecipeBook. 1xitem.RecipeBook@0
Regx match found! BiblioCraft:* matches BiblioCraft:item.SlottedBook.
Found ItemStack BiblioCraft:item.SlottedBook. 1xitem.SlottedBook@0
Regx match found! BiblioCraft:* matches BiblioCraft:item.TesterItem.
Found ItemStack BiblioCraft:item.TesterItem. 1xitem.TesterItem@0
Regx match found! BiblioCraft:* matches BiblioCraft:item.seatBack.
Found ItemStack BiblioCraft:item.seatBack. 64xitem.seatBack@0
Regx match found! BiblioCraft:* matches BiblioCraft:item.seatBack2.
Found ItemStack BiblioCraft:item.seatBack2. 64xitem.seatBack@0
Regx match found! BiblioCraft:* matches BiblioCraft:item.seatBack3.
Found ItemStack BiblioCraft:item.seatBack3. 64xitem.seatBack@0
Regx match found! BiblioCraft:* matches BiblioCraft:item.seatBack4.
Found ItemStack BiblioCraft:item.seatBack4. 64xitem.seatBack@0
Regx match found! BiblioCraft:* matches BiblioCraft:item.seatBack5.
Found ItemStack BiblioCraft:item.seatBack5. 64xitem.seatBack@0
Regx match found! BiblioCraft:* matches BiblioCraft:item.tape.
Found ItemStack BiblioCraft:item.tape. 64xitem.tape@0
Regx match found! BiblioCraft:* matches BiblioCraft:item.tapeMeasure.
Found ItemStack BiblioCraft:item.tapeMeasure. 1xitem.tapeMeasure@0
Cannot find ItemStack BiblioCraft:*
Loading: AppliedEnergistics2.js
Loading: Tcon.js
Loading: MFR.js
